<?xml version="1.0" encoding="UTF-8"?>
<!-- Generated by org.testng.reporters.JUnitReportReporter -->
<testsuite hostname="Rahul-Sony" failures="0" tests="2" name="rahulsony.tests.StandAloneTest" time="36.781" errors="0" timestamp="2023-04-07T07:38:28 IST" skipped="0">
  <testcase classname="rahulsony.tests.StandAloneTest" name="testCaseData" time="14.981"/>
  <system-out/>
  <testcase classname="rahulsony.tests.StandAloneTest" name="testCaseData" time="21.800"/>
  <system-out/>
</testsuite> <!-- rahulsony.tests.StandAloneTest -->
