<?xml version="1.0" encoding="UTF-8"?>
<!-- Generated by org.testng.reporters.JUnitReportReporter -->
<testsuite hostname="Rahul-Sony" failures="0" tests="4" name="rahulsony.tests.SubmitTest" time="69.338" errors="0" timestamp="2023-07-17T16:28:29 IST" skipped="0">
  <testcase classname="rahulsony.tests.SubmitTest" name="SubmitOrder" time="21.473"/>
  <system-out/>
  <testcase classname="rahulsony.tests.SubmitTest" name="SubmitOrder" time="17.900"/>
  <system-out/>
  <testcase classname="rahulsony.tests.SubmitTest" name="orderHistory" time="15.139"/>
  <system-out/>
  <testcase classname="rahulsony.tests.SubmitTest" name="orderHistory" time="14.826"/>
  <system-out/>
</testsuite> <!-- rahulsony.tests.SubmitTest -->
