<?xml version="1.0" encoding="UTF-8"?>
<!-- Generated by org.testng.reporters.JUnitReportReporter -->
<testsuite hostname="Rahul-Sony" failures="0" tests="2" name="rahulsony.tests.ErrorValidationTest" time="22.074" errors="0" timestamp="2023-06-30T23:49:27 IST" skipped="0">
  <testcase classname="rahulsony.tests.ErrorValidationTest" name="LoginErrorValidation" time="11.227"/>
  <system-out/>
  <testcase classname="rahulsony.tests.ErrorValidationTest" name="ProductErrorValidation" time="10.847"/>
  <system-out/>
</testsuite> <!-- rahulsony.tests.ErrorValidationTest -->
