<?xml version="1.0" encoding="UTF-8"?>
<!-- Generated by org.testng.reporters.JUnitReportReporter -->
<testsuite hostname="Rahul-Sony" failures="0" tests="2" name="rahulsony.tests.ErrorValidationTest" time="20.291" errors="0" timestamp="2022-12-26T08:31:56 IST" skipped="0">
  <testcase classname="rahulsony.tests.ErrorValidationTest" name="ProductErrorValidation" time="9.861"/>
  <system-out/>
  <testcase classname="rahulsony.tests.ErrorValidationTest" name="LoginErrorValidation" time="10.430"/>
  <system-out/>
</testsuite> <!-- rahulsony.tests.ErrorValidationTest -->
