<?xml version="1.0" encoding="UTF-8"?>
<!-- Generated by org.testng.reporters.JUnitReportReporter -->
<testsuite hostname="Rahul-Sony" failures="0" tests="2" name="rahulsony.tests.StandAloneTest" time="28.899" errors="0" timestamp="2022-12-26T08:31:56 IST" skipped="0">
  <testcase classname="rahulsony.tests.StandAloneTest" name="testCaseData" time="14.570"/>
  <system-out/>
  <testcase classname="rahulsony.tests.StandAloneTest" name="testCaseData" time="14.329"/>
  <system-out/>
</testsuite> <!-- rahulsony.tests.StandAloneTest -->
