<?xml version="1.0" encoding="UTF-8"?>
<!-- Generated by org.testng.reporters.JUnitReportReporter -->
<testsuite hostname="Rahul-Sony" failures="0" tests="4" name="rahulsony.tests.SubmitTest" time="56.666" errors="0" timestamp="2022-12-26T08:31:56 IST" skipped="0">
  <testcase classname="rahulsony.tests.SubmitTest" name="SubmitOrder" time="15.835"/>
  <system-out/>
  <testcase classname="rahulsony.tests.SubmitTest" name="orderHistory" time="11.867"/>
  <system-out/>
  <testcase classname="rahulsony.tests.SubmitTest" name="SubmitOrder" time="15.813"/>
  <system-out/>
  <testcase classname="rahulsony.tests.SubmitTest" name="orderHistory" time="13.151"/>
  <system-out/>
</testsuite> <!-- rahulsony.tests.SubmitTest -->
